[     225ms] [ERROR] THREE.GLTFLoader: Couldn't load texture blob:http://localhost:3000/5307a6e9-546e-469d-8dd8-680c3fb42bb0 @ http://localhost:3000/_next/static/chunks/70955_next_dist_1de4f897._.js:3127
[     225ms] [ERROR] THREE.GLTFLoader: Couldn't load texture blob:http://localhost:3000/84064d98-251f-47eb-90ac-d8ee1fbe6149 @ http://localhost:3000/_next/static/chunks/70955_next_dist_1de4f897._.js:3127
[     225ms] [ERROR] THREE.GLTFLoader: Couldn't load texture blob:http://localhost:3000/0bec85cd-fcd5-49f2-aab3-49d8256eae12 @ http://localhost:3000/_next/static/chunks/70955_next_dist_1de4f897._.js:3127
[     225ms] [ERROR] THREE.GLTFLoader: Couldn't load texture blob:http://localhost:3000/aec1f025-14f4-4af9-bdb1-3e7de1965306 @ http://localhost:3000/_next/static/chunks/70955_next_dist_1de4f897._.js:3127
[     225ms] [ERROR] THREE.GLTFLoader: Couldn't load texture blob:http://localhost:3000/6cc5d64e-f954-42a8-8aea-70e0dd4e5ec3 @ http://localhost:3000/_next/static/chunks/70955_next_dist_1de4f897._.js:3127
[     225ms] [ERROR] THREE.GLTFLoader: Couldn't load texture blob:http://localhost:3000/1d30b311-8390-4a5e-9cc6-065d856f42b7 @ http://localhost:3000/_next/static/chunks/70955_next_dist_1de4f897._.js:3127
[     225ms] [ERROR] THREE.GLTFLoader: Couldn't load texture blob:http://localhost:3000/854ecb30-d287-4511-b9cd-0bace6dc7561 @ http://localhost:3000/_next/static/chunks/70955_next_dist_1de4f897._.js:3127
[     225ms] [ERROR] THREE.GLTFLoader: Couldn't load texture blob:http://localhost:3000/959ca936-728e-48c3-831d-59dfe4cb8d18 @ http://localhost:3000/_next/static/chunks/70955_next_dist_1de4f897._.js:3127
[     226ms] [ERROR] THREE.GLTFLoader: Couldn't load texture blob:http://localhost:3000/6b5ac23b-d618-49c9-b225-a3605bc820c0 @ http://localhost:3000/_next/static/chunks/70955_next_dist_1de4f897._.js:3127
[     226ms] [ERROR] THREE.GLTFLoader: Couldn't load texture blob:http://localhost:3000/22047982-556b-4239-b65d-fbde4c019ca5 @ http://localhost:3000/_next/static/chunks/70955_next_dist_1de4f897._.js:3127
[     226ms] [ERROR] THREE.GLTFLoader: Couldn't load texture blob:http://localhost:3000/38deefb6-a2fc-48ef-9b79-95ad8e78b362 @ http://localhost:3000/_next/static/chunks/70955_next_dist_1de4f897._.js:3127
[     226ms] [ERROR] THREE.GLTFLoader: Couldn't load texture blob:http://localhost:3000/a9683813-9a4b-4abe-ba8f-9aa38fcee682 @ http://localhost:3000/_next/static/chunks/70955_next_dist_1de4f897._.js:3127
[     226ms] [ERROR] THREE.GLTFLoader: Couldn't load texture blob:http://localhost:3000/d26fb4f1-f6c1-4bb9-9ade-9a7761a9650f @ http://localhost:3000/_next/static/chunks/70955_next_dist_1de4f897._.js:3127
[     226ms] [ERROR] THREE.GLTFLoader: Couldn't load texture blob:http://localhost:3000/87d1e3f5-01b8-4e8c-8cda-8473f036eb17 @ http://localhost:3000/_next/static/chunks/70955_next_dist_1de4f897._.js:3127
[     226ms] [ERROR] THREE.GLTFLoader: Couldn't load texture blob:http://localhost:3000/c93af1bd-9b4f-4cc0-bccf-4cd7cea1bf07 @ http://localhost:3000/_next/static/chunks/70955_next_dist_1de4f897._.js:3127
[     226ms] [ERROR] THREE.GLTFLoader: Couldn't load texture blob:http://localhost:3000/4bac9e0e-46f6-412b-9961-be03614725bd @ http://localhost:3000/_next/static/chunks/70955_next_dist_1de4f897._.js:3127
[     226ms] [ERROR] THREE.GLTFLoader: Couldn't load texture blob:http://localhost:3000/433c63e9-4e4f-4cbe-9f50-7fd0b69591c6 @ http://localhost:3000/_next/static/chunks/70955_next_dist_1de4f897._.js:3127
[     226ms] [ERROR] THREE.GLTFLoader: Couldn't load texture blob:http://localhost:3000/33f2f246-d7de-4a6d-9fbd-7d0bc02b0868 @ http://localhost:3000/_next/static/chunks/70955_next_dist_1de4f897._.js:3127
[     226ms] [ERROR] THREE.GLTFLoader: Couldn't load texture blob:http://localhost:3000/08169a52-9937-452d-845e-b84f58c9e355 @ http://localhost:3000/_next/static/chunks/70955_next_dist_1de4f897._.js:3127
[     226ms] [ERROR] THREE.GLTFLoader: Couldn't load texture blob:http://localhost:3000/115ca310-409c-4533-8eb7-083051f988d5 @ http://localhost:3000/_next/static/chunks/70955_next_dist_1de4f897._.js:3127
[     226ms] [ERROR] THREE.GLTFLoader: Couldn't load texture blob:http://localhost:3000/45f84a3e-37b3-427e-9c91-26524f26036f @ http://localhost:3000/_next/static/chunks/70955_next_dist_1de4f897._.js:3127
[     226ms] [ERROR] THREE.GLTFLoader: Couldn't load texture blob:http://localhost:3000/c68453e6-4281-469f-a1ef-f6a8f74af526 @ http://localhost:3000/_next/static/chunks/70955_next_dist_1de4f897._.js:3127
[     226ms] [ERROR] THREE.GLTFLoader: Couldn't load texture blob:http://localhost:3000/2556cb14-dca0-446f-afc9-004bfff1dfe7 @ http://localhost:3000/_next/static/chunks/70955_next_dist_1de4f897._.js:3127
[     226ms] [ERROR] THREE.GLTFLoader: Couldn't load texture blob:http://localhost:3000/96521519-a947-4ad2-af97-4ae904d0fa61 @ http://localhost:3000/_next/static/chunks/70955_next_dist_1de4f897._.js:3127
[     226ms] [ERROR] THREE.GLTFLoader: Couldn't load texture blob:http://localhost:3000/4e497ab1-6d08-4961-ab23-fb6e8584d2cd @ http://localhost:3000/_next/static/chunks/70955_next_dist_1de4f897._.js:3127
[     226ms] [ERROR] THREE.GLTFLoader: Couldn't load texture blob:http://localhost:3000/444a6d91-ef41-4c4b-b8d4-efa59f664aad @ http://localhost:3000/_next/static/chunks/70955_next_dist_1de4f897._.js:3127
[     226ms] [ERROR] THREE.GLTFLoader: Couldn't load texture blob:http://localhost:3000/d07a13eb-7110-48c4-bc4d-037c68cbbd5c @ http://localhost:3000/_next/static/chunks/70955_next_dist_1de4f897._.js:3127
[     226ms] [ERROR] THREE.GLTFLoader: Couldn't load texture blob:http://localhost:3000/61d3fcef-02fa-4c17-be1d-a0c4059ed241 @ http://localhost:3000/_next/static/chunks/70955_next_dist_1de4f897._.js:3127
[     226ms] [ERROR] THREE.GLTFLoader: Couldn't load texture blob:http://localhost:3000/a0b655bb-1030-4e33-9b6a-85ac3cb47e97 @ http://localhost:3000/_next/static/chunks/70955_next_dist_1de4f897._.js:3127
[     226ms] [ERROR] THREE.GLTFLoader: Couldn't load texture blob:http://localhost:3000/7670eac2-0023-45d5-afa3-07f2c456ec47 @ http://localhost:3000/_next/static/chunks/70955_next_dist_1de4f897._.js:3127
[     226ms] [ERROR] THREE.GLTFLoader: Couldn't load texture blob:http://localhost:3000/d4effaf3-3cb9-479f-a126-52b71bdca8c5 @ http://localhost:3000/_next/static/chunks/70955_next_dist_1de4f897._.js:3127
[     226ms] [ERROR] THREE.GLTFLoader: Couldn't load texture blob:http://localhost:3000/f79ed144-8aa5-432a-a401-51fbac2f699f @ http://localhost:3000/_next/static/chunks/70955_next_dist_1de4f897._.js:3127
[     226ms] [ERROR] THREE.GLTFLoader: Couldn't load texture blob:http://localhost:3000/35a2e6a8-5fce-471e-8ab0-a75715ab6fb6 @ http://localhost:3000/_next/static/chunks/70955_next_dist_1de4f897._.js:3127
[     226ms] [ERROR] THREE.GLTFLoader: Couldn't load texture blob:http://localhost:3000/bb6cf18e-2bb5-45fb-8ce6-c66d9857611f @ http://localhost:3000/_next/static/chunks/70955_next_dist_1de4f897._.js:3127
[     226ms] [ERROR] THREE.GLTFLoader: Couldn't load texture blob:http://localhost:3000/d467d5bc-9109-4eef-8700-81ce3a6f0686 @ http://localhost:3000/_next/static/chunks/70955_next_dist_1de4f897._.js:3127
[     226ms] [ERROR] THREE.GLTFLoader: Couldn't load texture blob:http://localhost:3000/eb7e67fa-3178-49d7-9196-e6d5e4c66ed3 @ http://localhost:3000/_next/static/chunks/70955_next_dist_1de4f897._.js:3127
[     226ms] [ERROR] THREE.GLTFLoader: Couldn't load texture blob:http://localhost:3000/370d997a-0aee-4ee3-b5b7-21eb70ca8c04 @ http://localhost:3000/_next/static/chunks/70955_next_dist_1de4f897._.js:3127
[     226ms] [ERROR] THREE.GLTFLoader: Couldn't load texture blob:http://localhost:3000/b4f053b4-c9f3-4682-b7c1-4e4083a6eaf0 @ http://localhost:3000/_next/static/chunks/70955_next_dist_1de4f897._.js:3127
[     226ms] [ERROR] THREE.GLTFLoader: Couldn't load texture blob:http://localhost:3000/96873184-e051-4cb1-87f6-f244626461e0 @ http://localhost:3000/_next/static/chunks/70955_next_dist_1de4f897._.js:3127
[     226ms] [ERROR] THREE.GLTFLoader: Couldn't load texture blob:http://localhost:3000/d15d6c9e-a0c0-4aa7-b4b5-4fd4cf802be8 @ http://localhost:3000/_next/static/chunks/70955_next_dist_1de4f897._.js:3127
[     226ms] [ERROR] THREE.GLTFLoader: Couldn't load texture blob:http://localhost:3000/7117c2d6-909d-4eb8-829f-168c130228d8 @ http://localhost:3000/_next/static/chunks/70955_next_dist_1de4f897._.js:3127
[     226ms] [ERROR] THREE.GLTFLoader: Couldn't load texture blob:http://localhost:3000/08211b9b-22a5-4cc9-958c-7bbdeb09abf7 @ http://localhost:3000/_next/static/chunks/70955_next_dist_1de4f897._.js:3127
[     226ms] [ERROR] THREE.GLTFLoader: Couldn't load texture blob:http://localhost:3000/0b4c18af-9d8a-4816-83a7-75cb4e9c2d6f @ http://localhost:3000/_next/static/chunks/70955_next_dist_1de4f897._.js:3127
[     226ms] [ERROR] THREE.GLTFLoader: Couldn't load texture blob:http://localhost:3000/e201bdc3-76b0-406a-aefe-094c3e135143 @ http://localhost:3000/_next/static/chunks/70955_next_dist_1de4f897._.js:3127
[     226ms] [ERROR] THREE.GLTFLoader: Couldn't load texture blob:http://localhost:3000/967fd2b8-fc22-451d-a78a-52a9c34bb2ab @ http://localhost:3000/_next/static/chunks/70955_next_dist_1de4f897._.js:3127
[     226ms] [ERROR] THREE.GLTFLoader: Couldn't load texture blob:http://localhost:3000/3bc25849-70c4-4f40-9620-4fc524eed6f3 @ http://localhost:3000/_next/static/chunks/70955_next_dist_1de4f897._.js:3127
[     226ms] [ERROR] THREE.GLTFLoader: Couldn't load texture blob:http://localhost:3000/896ecf21-10bd-40a8-809b-17a542cc53e9 @ http://localhost:3000/_next/static/chunks/70955_next_dist_1de4f897._.js:3127
[     226ms] [ERROR] THREE.GLTFLoader: Couldn't load texture blob:http://localhost:3000/c759da76-850d-4a06-bfb1-66ea7c3f41b0 @ http://localhost:3000/_next/static/chunks/70955_next_dist_1de4f897._.js:3127
[     226ms] [ERROR] THREE.GLTFLoader: Couldn't load texture blob:http://localhost:3000/0289a545-0522-4ef0-aeae-2ca5998ff34b @ http://localhost:3000/_next/static/chunks/70955_next_dist_1de4f897._.js:3127
[     226ms] [ERROR] THREE.GLTFLoader: Couldn't load texture blob:http://localhost:3000/8a031f25-d999-4257-a3d3-df12b8aee6cd @ http://localhost:3000/_next/static/chunks/70955_next_dist_1de4f897._.js:3127
[     226ms] [ERROR] THREE.GLTFLoader: Couldn't load texture blob:http://localhost:3000/22e771d3-5160-42ad-a743-f5342d3f899e @ http://localhost:3000/_next/static/chunks/70955_next_dist_1de4f897._.js:3127
[     226ms] [ERROR] THREE.GLTFLoader: Couldn't load texture blob:http://localhost:3000/838e0ec9-3cbd-4b68-8b54-c885d61625e7 @ http://localhost:3000/_next/static/chunks/70955_next_dist_1de4f897._.js:3127
[     226ms] [ERROR] THREE.GLTFLoader: Couldn't load texture blob:http://localhost:3000/f5d6d952-4ceb-430b-a93e-1579935ce47d @ http://localhost:3000/_next/static/chunks/70955_next_dist_1de4f897._.js:3127
[     226ms] [ERROR] THREE.GLTFLoader: Couldn't load texture blob:http://localhost:3000/d3c32eea-0f4a-4ff3-9b48-9ca23321785d @ http://localhost:3000/_next/static/chunks/70955_next_dist_1de4f897._.js:3127
[     226ms] [ERROR] THREE.GLTFLoader: Couldn't load texture blob:http://localhost:3000/f420095c-e09f-44f5-87ea-dc4d9935196a @ http://localhost:3000/_next/static/chunks/70955_next_dist_1de4f897._.js:3127
[     226ms] [ERROR] THREE.GLTFLoader: Couldn't load texture blob:http://localhost:3000/f6eb53ee-91d7-45c2-bd5c-e1b63363db92 @ http://localhost:3000/_next/static/chunks/70955_next_dist_1de4f897._.js:3127
[     226ms] [ERROR] THREE.GLTFLoader: Couldn't load texture blob:http://localhost:3000/f5642fb1-74ba-4dea-821c-da3db7cfbcb9 @ http://localhost:3000/_next/static/chunks/70955_next_dist_1de4f897._.js:3127
[     226ms] [ERROR] THREE.GLTFLoader: Couldn't load texture blob:http://localhost:3000/a51793ee-a7c9-4f92-a865-77fdc98049af @ http://localhost:3000/_next/static/chunks/70955_next_dist_1de4f897._.js:3127
[     226ms] [ERROR] THREE.GLTFLoader: Couldn't load texture blob:http://localhost:3000/f0b28d79-2ac1-4ab1-9777-95cc3442301b @ http://localhost:3000/_next/static/chunks/70955_next_dist_1de4f897._.js:3127
[     226ms] [ERROR] THREE.GLTFLoader: Couldn't load texture blob:http://localhost:3000/b3c0f6e4-42cb-47e0-8c51-bd58401eeaca @ http://localhost:3000/_next/static/chunks/70955_next_dist_1de4f897._.js:3127
[     226ms] [ERROR] THREE.GLTFLoader: Couldn't load texture blob:http://localhost:3000/4efeb390-7634-4520-8d78-1a136c422911 @ http://localhost:3000/_next/static/chunks/70955_next_dist_1de4f897._.js:3127
[     226ms] [ERROR] THREE.GLTFLoader: Couldn't load texture blob:http://localhost:3000/3a0582c2-c1e6-467f-9c4e-e98132d9e570 @ http://localhost:3000/_next/static/chunks/70955_next_dist_1de4f897._.js:3127
[     226ms] [ERROR] THREE.GLTFLoader: Couldn't load texture blob:http://localhost:3000/e80d47b2-2f43-4892-b165-23186a965fbb @ http://localhost:3000/_next/static/chunks/70955_next_dist_1de4f897._.js:3127
[     226ms] [ERROR] THREE.GLTFLoader: Couldn't load texture blob:http://localhost:3000/40bba272-ab2b-4af5-b4d5-c02ff40ab480 @ http://localhost:3000/_next/static/chunks/70955_next_dist_1de4f897._.js:3127
[     226ms] [ERROR] THREE.GLTFLoader: Couldn't load texture blob:http://localhost:3000/6090a1dc-9695-4795-8987-d7f88ce97b1c @ http://localhost:3000/_next/static/chunks/70955_next_dist_1de4f897._.js:3127
[     226ms] [ERROR] THREE.GLTFLoader: Couldn't load texture blob:http://localhost:3000/f393faf0-3694-4a55-b637-c04768889af7 @ http://localhost:3000/_next/static/chunks/70955_next_dist_1de4f897._.js:3127
[     226ms] [ERROR] THREE.GLTFLoader: Couldn't load texture blob:http://localhost:3000/bb4abd72-78f6-4e81-8c16-cd4b772bb5a5 @ http://localhost:3000/_next/static/chunks/70955_next_dist_1de4f897._.js:3127
[     226ms] [ERROR] THREE.GLTFLoader: Couldn't load texture blob:http://localhost:3000/1e7f09d3-93fe-4c45-975a-b45ca82502bc @ http://localhost:3000/_next/static/chunks/70955_next_dist_1de4f897._.js:3127
[     226ms] [ERROR] THREE.GLTFLoader: Couldn't load texture blob:http://localhost:3000/0f22c12a-cb09-4fa2-ac9c-43560dabcd4b @ http://localhost:3000/_next/static/chunks/70955_next_dist_1de4f897._.js:3127
[     227ms] [ERROR] THREE.GLTFLoader: Couldn't load texture blob:http://localhost:3000/905afbf2-0274-42dc-a4e3-e6f9c5c3b336 @ http://localhost:3000/_next/static/chunks/70955_next_dist_1de4f897._.js:3127
[     227ms] [ERROR] THREE.GLTFLoader: Couldn't load texture blob:http://localhost:3000/ba965398-cfe8-44ac-8a80-5741192aa18e @ http://localhost:3000/_next/static/chunks/70955_next_dist_1de4f897._.js:3127
[     227ms] [ERROR] THREE.GLTFLoader: Couldn't load texture blob:http://localhost:3000/17c88f8a-2448-4000-95e7-87b9e318da63 @ http://localhost:3000/_next/static/chunks/70955_next_dist_1de4f897._.js:3127
[     227ms] [ERROR] THREE.GLTFLoader: Couldn't load texture blob:http://localhost:3000/18b214d5-6c48-4937-9f17-78716eb7bba6 @ http://localhost:3000/_next/static/chunks/70955_next_dist_1de4f897._.js:3127
[     227ms] [ERROR] THREE.GLTFLoader: Couldn't load texture blob:http://localhost:3000/bd4d27e5-f6b8-4015-825c-19e27639f20d @ http://localhost:3000/_next/static/chunks/70955_next_dist_1de4f897._.js:3127
[     227ms] [ERROR] THREE.GLTFLoader: Couldn't load texture blob:http://localhost:3000/bd7634d4-6dca-4a02-beca-d57943fb7c59 @ http://localhost:3000/_next/static/chunks/70955_next_dist_1de4f897._.js:3127
[     227ms] [ERROR] THREE.GLTFLoader: Couldn't load texture blob:http://localhost:3000/d71279ba-521f-494f-b625-bb4e66ae16ee @ http://localhost:3000/_next/static/chunks/70955_next_dist_1de4f897._.js:3127
[     227ms] [ERROR] THREE.GLTFLoader: Couldn't load texture blob:http://localhost:3000/cf768a43-6d38-4d0a-9eab-fc7282b8e9b8 @ http://localhost:3000/_next/static/chunks/70955_next_dist_1de4f897._.js:3127
[     227ms] [ERROR] THREE.GLTFLoader: Couldn't load texture blob:http://localhost:3000/88cc58e5-2924-418b-a434-7b2d59743442 @ http://localhost:3000/_next/static/chunks/70955_next_dist_1de4f897._.js:3127
[     227ms] [ERROR] THREE.GLTFLoader: Couldn't load texture blob:http://localhost:3000/276d7408-9cc0-416a-a3b3-61456321f65b @ http://localhost:3000/_next/static/chunks/70955_next_dist_1de4f897._.js:3127
[     227ms] [ERROR] THREE.GLTFLoader: Couldn't load texture blob:http://localhost:3000/33eea674-3958-4b6c-a1c1-c66482d91041 @ http://localhost:3000/_next/static/chunks/70955_next_dist_1de4f897._.js:3127
[     227ms] [ERROR] THREE.GLTFLoader: Couldn't load texture blob:http://localhost:3000/e8bd9884-cabe-4582-b2ad-80b17d649cff @ http://localhost:3000/_next/static/chunks/70955_next_dist_1de4f897._.js:3127
[     227ms] [ERROR] THREE.GLTFLoader: Couldn't load texture blob:http://localhost:3000/a01315e2-3ed7-4b9d-b9c7-211469eef359 @ http://localhost:3000/_next/static/chunks/70955_next_dist_1de4f897._.js:3127
[     227ms] [ERROR] THREE.GLTFLoader: Couldn't load texture blob:http://localhost:3000/866fa88c-bfc7-4947-af30-dd8422beef85 @ http://localhost:3000/_next/static/chunks/70955_next_dist_1de4f897._.js:3127
[     227ms] [ERROR] THREE.GLTFLoader: Couldn't load texture blob:http://localhost:3000/f5c489fc-bc88-42f9-831c-d89fcd2e9034 @ http://localhost:3000/_next/static/chunks/70955_next_dist_1de4f897._.js:3127
[     227ms] [ERROR] THREE.GLTFLoader: Couldn't load texture blob:http://localhost:3000/5b59697b-cd3c-4952-a3cd-64ccd9f2bd68 @ http://localhost:3000/_next/static/chunks/70955_next_dist_1de4f897._.js:3127
[     227ms] [ERROR] THREE.GLTFLoader: Couldn't load texture blob:http://localhost:3000/121235ac-e281-41ac-989f-d6844b1f34df @ http://localhost:3000/_next/static/chunks/70955_next_dist_1de4f897._.js:3127
[     227ms] [ERROR] THREE.GLTFLoader: Couldn't load texture blob:http://localhost:3000/1bd7f270-d829-4551-bb86-ba19e474a9a5 @ http://localhost:3000/_next/static/chunks/70955_next_dist_1de4f897._.js:3127
[     227ms] [ERROR] THREE.GLTFLoader: Couldn't load texture blob:http://localhost:3000/699eb035-31d3-4c64-a298-2cbbb2942c05 @ http://localhost:3000/_next/static/chunks/70955_next_dist_1de4f897._.js:3127
[     227ms] [ERROR] THREE.GLTFLoader: Couldn't load texture blob:http://localhost:3000/304649ab-e022-4a24-b050-dfc3d0140c94 @ http://localhost:3000/_next/static/chunks/70955_next_dist_1de4f897._.js:3127
[     227ms] [ERROR] THREE.GLTFLoader: Couldn't load texture blob:http://localhost:3000/14c3e7bf-0cf5-43ae-9ed5-529f27c388aa @ http://localhost:3000/_next/static/chunks/70955_next_dist_1de4f897._.js:3127
[     227ms] [ERROR] THREE.GLTFLoader: Couldn't load texture blob:http://localhost:3000/f1e74be4-ca2d-427e-9ef6-b7e138bdd2f5 @ http://localhost:3000/_next/static/chunks/70955_next_dist_1de4f897._.js:3127
[     227ms] [ERROR] THREE.GLTFLoader: Couldn't load texture blob:http://localhost:3000/e72bd18f-8206-45d7-bb1d-e7761c5742be @ http://localhost:3000/_next/static/chunks/70955_next_dist_1de4f897._.js:3127
[     227ms] [ERROR] THREE.GLTFLoader: Couldn't load texture blob:http://localhost:3000/8195b6c1-7423-4ca8-8ab9-dd3841203891 @ http://localhost:3000/_next/static/chunks/70955_next_dist_1de4f897._.js:3127
[     227ms] [ERROR] THREE.GLTFLoader: Couldn't load texture blob:http://localhost:3000/040ea845-33e2-4988-a2ae-ed077e307051 @ http://localhost:3000/_next/static/chunks/70955_next_dist_1de4f897._.js:3127
[     227ms] [ERROR] THREE.GLTFLoader: Couldn't load texture blob:http://localhost:3000/0f885cdc-d5bd-4e27-bd51-5f2b70ef4c38 @ http://localhost:3000/_next/static/chunks/70955_next_dist_1de4f897._.js:3127
[     227ms] [ERROR] THREE.GLTFLoader: Couldn't load texture blob:http://localhost:3000/ecedc16d-300a-40df-9eb2-da26df8bc21a @ http://localhost:3000/_next/static/chunks/70955_next_dist_1de4f897._.js:3127
[     227ms] [ERROR] THREE.GLTFLoader: Couldn't load texture blob:http://localhost:3000/2088e4cf-ee55-4350-98e0-d7f4e3661327 @ http://localhost:3000/_next/static/chunks/70955_next_dist_1de4f897._.js:3127
[     227ms] [ERROR] THREE.GLTFLoader: Couldn't load texture blob:http://localhost:3000/61f5400e-e1d0-48f8-87bd-7fce2f035411 @ http://localhost:3000/_next/static/chunks/70955_next_dist_1de4f897._.js:3127
[     227ms] [ERROR] THREE.GLTFLoader: Couldn't load texture blob:http://localhost:3000/22c9a753-80a1-435a-8e6f-4b6a5610fbfc @ http://localhost:3000/_next/static/chunks/70955_next_dist_1de4f897._.js:3127
[     227ms] [ERROR] THREE.GLTFLoader: Couldn't load texture blob:http://localhost:3000/3835e51a-27f5-441e-8fe1-33d03c1a1690 @ http://localhost:3000/_next/static/chunks/70955_next_dist_1de4f897._.js:3127
[     227ms] [ERROR] THREE.GLTFLoader: Couldn't load texture blob:http://localhost:3000/c980b07e-d68f-4b5c-af09-9ab49cfeed8a @ http://localhost:3000/_next/static/chunks/70955_next_dist_1de4f897._.js:3127
[     227ms] [ERROR] THREE.GLTFLoader: Couldn't load texture blob:http://localhost:3000/c8adc452-cf4a-42e0-8ff7-b0c0c962b0cb @ http://localhost:3000/_next/static/chunks/70955_next_dist_1de4f897._.js:3127
[     227ms] [ERROR] THREE.GLTFLoader: Couldn't load texture blob:http://localhost:3000/9114cc01-e816-4688-84e4-6f71caaddcee @ http://localhost:3000/_next/static/chunks/70955_next_dist_1de4f897._.js:3127
[     227ms] [ERROR] THREE.GLTFLoader: Couldn't load texture blob:http://localhost:3000/8182d6c0-bb49-4f6a-9418-a35521c2afaa @ http://localhost:3000/_next/static/chunks/70955_next_dist_1de4f897._.js:3127
[     227ms] [ERROR] THREE.GLTFLoader: Couldn't load texture blob:http://localhost:3000/f9cef7c9-0505-4c10-a2eb-68c87449c8da @ http://localhost:3000/_next/static/chunks/70955_next_dist_1de4f897._.js:3127
[     227ms] [ERROR] THREE.GLTFLoader: Couldn't load texture blob:http://localhost:3000/e05fb2f9-7558-4530-96fb-c2411d452072 @ http://localhost:3000/_next/static/chunks/70955_next_dist_1de4f897._.js:3127
[     227ms] [ERROR] THREE.GLTFLoader: Couldn't load texture blob:http://localhost:3000/37f416e9-6110-45c8-8cd9-6ffa9c20ed7b @ http://localhost:3000/_next/static/chunks/70955_next_dist_1de4f897._.js:3127
[     227ms] [ERROR] THREE.GLTFLoader: Couldn't load texture blob:http://localhost:3000/44a5f42c-2dc5-47f9-8efc-0532cf899914 @ http://localhost:3000/_next/static/chunks/70955_next_dist_1de4f897._.js:3127
[     227ms] [ERROR] THREE.GLTFLoader: Couldn't load texture blob:http://localhost:3000/13c77ebd-8bcf-402c-bbd0-3a44158169de @ http://localhost:3000/_next/static/chunks/70955_next_dist_1de4f897._.js:3127
[     227ms] [ERROR] THREE.GLTFLoader: Couldn't load texture blob:http://localhost:3000/36b181d4-52f3-4793-98cf-c37d9e247b1f @ http://localhost:3000/_next/static/chunks/70955_next_dist_1de4f897._.js:3127
[     227ms] [ERROR] THREE.GLTFLoader: Couldn't load texture blob:http://localhost:3000/db9d1e3f-a234-4b6f-a3d7-9d216f8d60cb @ http://localhost:3000/_next/static/chunks/70955_next_dist_1de4f897._.js:3127
[     227ms] [ERROR] THREE.GLTFLoader: Couldn't load texture blob:http://localhost:3000/99212d92-bf99-4d43-8d9b-af69e55ab278 @ http://localhost:3000/_next/static/chunks/70955_next_dist_1de4f897._.js:3127
[     227ms] [ERROR] THREE.GLTFLoader: Couldn't load texture blob:http://localhost:3000/def4b3ee-adcd-49ac-8971-c63a944d8f32 @ http://localhost:3000/_next/static/chunks/70955_next_dist_1de4f897._.js:3127
[     227ms] [ERROR] THREE.GLTFLoader: Couldn't load texture blob:http://localhost:3000/8a2c17de-34ac-4fe5-b641-25b52dc084fc @ http://localhost:3000/_next/static/chunks/70955_next_dist_1de4f897._.js:3127
[     227ms] [ERROR] THREE.GLTFLoader: Couldn't load texture blob:http://localhost:3000/cc1a869a-6cbf-4d44-b1f6-315f4e151ebf @ http://localhost:3000/_next/static/chunks/70955_next_dist_1de4f897._.js:3127
[     227ms] [ERROR] THREE.GLTFLoader: Couldn't load texture blob:http://localhost:3000/9fa1acbe-d842-4162-a5cb-3e68a1afab7b @ http://localhost:3000/_next/static/chunks/70955_next_dist_1de4f897._.js:3127
[     227ms] [ERROR] THREE.GLTFLoader: Couldn't load texture blob:http://localhost:3000/672a7b73-a89f-4206-a76f-d26769c359bf @ http://localhost:3000/_next/static/chunks/70955_next_dist_1de4f897._.js:3127
[     227ms] [ERROR] THREE.GLTFLoader: Couldn't load texture blob:http://localhost:3000/776a57d4-b3ad-4c74-865d-c189d0669a2e @ http://localhost:3000/_next/static/chunks/70955_next_dist_1de4f897._.js:3127
[     227ms] [ERROR] THREE.GLTFLoader: Couldn't load texture blob:http://localhost:3000/e1e65064-6b8f-4abf-aefd-cf1c75f0050a @ http://localhost:3000/_next/static/chunks/70955_next_dist_1de4f897._.js:3127
[     227ms] [ERROR] THREE.GLTFLoader: Couldn't load texture blob:http://localhost:3000/0cb075b4-83d2-49ce-be88-4e6997213c75 @ http://localhost:3000/_next/static/chunks/70955_next_dist_1de4f897._.js:3127
[     227ms] [ERROR] THREE.GLTFLoader: Couldn't load texture blob:http://localhost:3000/51ff5357-402f-4cd1-b853-b428ff15af64 @ http://localhost:3000/_next/static/chunks/70955_next_dist_1de4f897._.js:3127
[     227ms] [ERROR] THREE.GLTFLoader: Couldn't load texture blob:http://localhost:3000/98a810ca-66cd-489a-aa74-5013ee64e1a5 @ http://localhost:3000/_next/static/chunks/70955_next_dist_1de4f897._.js:3127
[     227ms] [ERROR] THREE.GLTFLoader: Couldn't load texture blob:http://localhost:3000/5fac996c-23c3-49be-ad1e-52d4ef8282fa @ http://localhost:3000/_next/static/chunks/70955_next_dist_1de4f897._.js:3127
[     228ms] [ERROR] THREE.GLTFLoader: Couldn't load texture blob:http://localhost:3000/f7db8780-6bb2-4ebd-9791-9c56b61d0b82 @ http://localhost:3000/_next/static/chunks/70955_next_dist_1de4f897._.js:3127
[     228ms] [ERROR] THREE.GLTFLoader: Couldn't load texture blob:http://localhost:3000/71ba6d4f-cdec-4f56-810b-ac9faba33a18 @ http://localhost:3000/_next/static/chunks/70955_next_dist_1de4f897._.js:3127
[     228ms] [ERROR] THREE.GLTFLoader: Couldn't load texture blob:http://localhost:3000/5cf9ed84-42eb-474a-9677-b9b128872665 @ http://localhost:3000/_next/static/chunks/70955_next_dist_1de4f897._.js:3127
[     228ms] [ERROR] THREE.GLTFLoader: Couldn't load texture blob:http://localhost:3000/ec487b8d-3806-4a7c-9831-67d920de20ec @ http://localhost:3000/_next/static/chunks/70955_next_dist_1de4f897._.js:3127
[     228ms] [ERROR] THREE.GLTFLoader: Couldn't load texture blob:http://localhost:3000/5516bb34-9a2a-4c37-8297-581ee616c2c6 @ http://localhost:3000/_next/static/chunks/70955_next_dist_1de4f897._.js:3127
[     228ms] [ERROR] THREE.GLTFLoader: Couldn't load texture blob:http://localhost:3000/6f070cce-c27c-4d31-8bb6-2de37637c7b6 @ http://localhost:3000/_next/static/chunks/70955_next_dist_1de4f897._.js:3127
[    2144ms] [WARNING] THREE.THREE.Clock: This module has been deprecated. Please use THREE.Timer instead. @ http://localhost:3000/_next/static/chunks/70955_next_dist_1de4f897._.js:2297
[    2200ms] [WARNING] THREE.THREE.Clock: This module has been deprecated. Please use THREE.Timer instead. @ http://localhost:3000/_next/static/chunks/70955_next_dist_1de4f897._.js:2297
[    9328ms] [WARNING] Image with src "/team-logos/Mercedes-Benz_in_Formula_One_logo.png" was detected as the Largest Contentful Paint (LCP). Please add the `loading="eager"` property if this image is above the fold.
Read more: https://nextjs.org/docs/app/api-reference/components/image#loading @ http://localhost:3000/_next/static/chunks/70955_next_dist_1de4f897._.js:2297
[   84664ms] [WARNING] THREE.THREE.Clock: This module has been deprecated. Please use THREE.Timer instead. @ http://localhost:3000/_next/static/chunks/70955_next_dist_1de4f897._.js:2297
[   84713ms] [WARNING] THREE.THREE.Clock: This module has been deprecated. Please use THREE.Timer instead. @ http://localhost:3000/_next/static/chunks/70955_next_dist_1de4f897._.js:2297
[   91063ms] [WARNING] Image with src "/team-logos/Mercedes-Benz_in_Formula_One_logo.png" was detected as the Largest Contentful Paint (LCP). Please add the `loading="eager"` property if this image is above the fold.
Read more: https://nextjs.org/docs/app/api-reference/components/image#loading @ http://localhost:3000/_next/static/chunks/70955_next_dist_1de4f897._.js:2297
