[    1857ms] [WARNING] THREE.THREE.Clock: This module has been deprecated. Please use THREE.Timer instead. @ http://localhost:3000/_next/static/chunks/70955_next_dist_1de4f897._.js:2297
[    1894ms] [WARNING] THREE.THREE.Clock: This module has been deprecated. Please use THREE.Timer instead. @ http://localhost:3000/_next/static/chunks/70955_next_dist_1de4f897._.js:2297
[    8521ms] [WARNING] Image with src "/team-logos/Mercedes-Benz_in_Formula_One_logo.png" was detected as the Largest Contentful Paint (LCP). Please add the `loading="eager"` property if this image is above the fold.
Read more: https://nextjs.org/docs/app/api-reference/components/image#loading @ http://localhost:3000/_next/static/chunks/70955_next_dist_1de4f897._.js:2297
[  756957ms] [WARNING] THREE.THREE.Clock: This module has been deprecated. Please use THREE.Timer instead. @ http://localhost:3000/_next/static/chunks/70955_next_dist_1de4f897._.js:2297
[  756999ms] [WARNING] THREE.THREE.Clock: This module has been deprecated. Please use THREE.Timer instead. @ http://localhost:3000/_next/static/chunks/70955_next_dist_1de4f897._.js:2297
[  763522ms] [WARNING] Image with src "/team-logos/Mercedes-Benz_in_Formula_One_logo.png" was detected as the Largest Contentful Paint (LCP). Please add the `loading="eager"` property if this image is above the fold.
Read more: https://nextjs.org/docs/app/api-reference/components/image#loading @ http://localhost:3000/_next/static/chunks/70955_next_dist_1de4f897._.js:2297
[ 1028199ms] [WARNING] THREE.THREE.Clock: This module has been deprecated. Please use THREE.Timer instead. @ http://localhost:3000/_next/static/chunks/70955_next_dist_1de4f897._.js:2297
[ 1028240ms] [WARNING] THREE.THREE.Clock: This module has been deprecated. Please use THREE.Timer instead. @ http://localhost:3000/_next/static/chunks/70955_next_dist_1de4f897._.js:2297
[ 1034788ms] [WARNING] Image with src "/team-logos/Mercedes-Benz_in_Formula_One_logo.png" was detected as the Largest Contentful Paint (LCP). Please add the `loading="eager"` property if this image is above the fold.
Read more: https://nextjs.org/docs/app/api-reference/components/image#loading @ http://localhost:3000/_next/static/chunks/70955_next_dist_1de4f897._.js:2297
[ 1050810ms] [WARNING] THREE.THREE.Clock: This module has been deprecated. Please use THREE.Timer instead. @ http://localhost:3000/_next/static/chunks/70955_next_dist_1de4f897._.js:2297
[ 1050850ms] [WARNING] THREE.THREE.Clock: This module has been deprecated. Please use THREE.Timer instead. @ http://localhost:3000/_next/static/chunks/70955_next_dist_1de4f897._.js:2297
[ 1057162ms] [WARNING] Image with src "/team-logos/Mercedes-Benz_in_Formula_One_logo.png" was detected as the Largest Contentful Paint (LCP). Please add the `loading="eager"` property if this image is above the fold.
Read more: https://nextjs.org/docs/app/api-reference/components/image#loading @ http://localhost:3000/_next/static/chunks/70955_next_dist_1de4f897._.js:2297
[ 1103506ms] [WARNING] THREE.THREE.Clock: This module has been deprecated. Please use THREE.Timer instead. @ http://localhost:3000/_next/static/chunks/70955_next_dist_1de4f897._.js:2297
[ 1103555ms] [WARNING] THREE.THREE.Clock: This module has been deprecated. Please use THREE.Timer instead. @ http://localhost:3000/_next/static/chunks/70955_next_dist_1de4f897._.js:2297
[ 1110555ms] [WARNING] Image with src "/team-logos/Mercedes-Benz_in_Formula_One_logo.png" was detected as the Largest Contentful Paint (LCP). Please add the `loading="eager"` property if this image is above the fold.
Read more: https://nextjs.org/docs/app/api-reference/components/image#loading @ http://localhost:3000/_next/static/chunks/70955_next_dist_1de4f897._.js:2297
